<?xml version="1.0" encoding="UTF-8"?>
<!-- Generated by org.testng.reporters.JUnitReportReporter -->
<testsuite skipped="0" hostname="WINCTRL-DP65RH5" name="testcases.TC_04" tests="1" failures="0" timestamp="2020-06-30T13:20:36 IST" time="28.025" errors="0">
  <testcase name="addJobTitle" time="28.025" classname="testcases.TC_04"/>
  <system-out/>
</testsuite> <!-- testcases.TC_04 -->
