<?xml version="1.0" encoding="UTF-8"?>
<!-- Generated by org.testng.reporters.JUnitReportReporter -->
<testsuite skipped="0" hostname="WINCTRL-DP65RH5" name="testcases.TC_03" tests="1" failures="0" timestamp="2020-06-29T15:18:45 IST" time="32.846" errors="0">
  <testcase name="deleteUser" time="32.846" classname="testcases.TC_03"/>
  <system-out/>
</testsuite> <!-- testcases.TC_03 -->
