<?xml version="1.0" encoding="UTF-8"?>
<!-- Generated by org.testng.reporters.JUnitReportReporter -->
<testsuite skipped="0" hostname="WINCTRL-DP65RH5" name="testcases.TC_01" tests="1" failures="0" timestamp="2020-06-29T16:28:02 IST" time="23.772" errors="0">
  <testcase name="Login_Logout" time="23.772" classname="testcases.TC_01"/>
  <system-out/>
</testsuite> <!-- testcases.TC_01 -->
