<?xml version="1.0" encoding="UTF-8"?>
<!-- Generated by org.testng.reporters.JUnitReportReporter -->
<testsuite skipped="0" hostname="WINCTRL-DP65RH5" name="testcases.TC_02" tests="1" failures="0" timestamp="2020-07-03T14:32:29 IST" time="58.577" errors="0">
  <testcase name="Add_User" time="58.577" classname="testcases.TC_02"/>
  <system-out/>
</testsuite> <!-- testcases.TC_02 -->
