<?xml version="1.0" encoding="UTF-8"?>
<!-- Generated by org.testng.reporters.JUnitReportReporter -->
<testsuite skipped="0" hostname="WINCTRL-DP65RH5" name="testcases.TC_01" tests="1" failures="0" timestamp="2020-07-03T14:32:29 IST" time="40.394" errors="0">
  <testcase name="Login_Logout" time="40.394" classname="testcases.TC_01"/>
  <system-out/>
</testsuite> <!-- testcases.TC_01 -->
